[33m>[39m Building...
[32m√[39m Building...
[1mInitial chunk files[22m[2m | [22m[1mNames[22m        [2m | [22m [1mRaw size[22m
[32mmain.js[39m            [2m | [22m[2mmain[22m         [2m | [22m[36m308.63 kB[39m[2m | [22m
[32mstyles.css[39m         [2m | [22m[2mstyles[22m       [2m | [22m  [36m8.81 kB[39m[2m | [22m
[32mpolyfills.js[39m       [2m | [22m[2mpolyfills[22m    [2m | [22m [36m95 bytes[39m[2m | [22m

[1m [22m                  [2m | [22m[1mInitial total[22m[2m | [22m[1m317.54 kB[22m

Application bundle generation complete. [3.466 seconds] - 2026-06-03T08:04:32.352Z

Watch mode enabled. Watching for file changes...
NOTE: Raw file sizes do not reflect development server per-request transformations.
  [32m➜[39m  [1mLocal[22m:   [36mhttp://127.0.0.1:[1m4200[22m/[39m
[2m[32m  ➜[39m[22m[2m  press [22m[1mh + enter[22m[2m to show help[22m
[33m>[39m Changes detected. Rebuilding...
[32m√[39m Changes detected. Rebuilding...
Application bundle generation failed. [2.625 seconds] - 2026-06-03T09:24:29.080Z

[1m[31m[31mX [41;31m[[41;97mERROR[41;31m][0m [1mTS2551: Property 'loadAbbreviations' does not exist on type 'CreateGenericReportComponent'. Did you mean 'abbreviations'?[0m [1m[35m[plugin angular-compiler][0m

    src/app/pages/reports/create-generic-report/create-generic-report.ts:156:41:
[37m      156 │   abbreviations: RtAbbreviation[] = this.[32mloadAbbreviations[37m();
          ╵                                          [32m~~~~~~~~~~~~~~~~~[0m

  'abbreviations' is declared here.

    src/app/pages/reports/create-generic-report/create-generic-report.ts:156:2:
[37m      156 │   [32mabbreviations[37m: RtAbbreviation[] = this.loadAbbreviations();
          ╵   [32m~~~~~~~~~~~~~[0m


[31mX [41;31m[[41;97mERROR[41;31m][0m [1mTS2741: Property 'abbreviations' is missing in type '{ customerFields: ReportField[]; reportFields: ReportField[]; pages: GenericRtPage[]; reportNumberDigits: string; issueDatePickerValue: string; ... 12 more ...; footerFirstIssue: string; }' but required in type 'GenericRtDraft'.[0m [1m[35m[plugin angular-compiler][0m

    src/app/pages/reports/create-generic-report/create-generic-report.ts:403:4:
[37m      403 │     [32mreturn[37m {
          ╵     [32m~~~~~~[0m

  'abbreviations' is declared here.

    src/app/pages/reports/create-generic-report/create-generic-report.ts:62:2:
[37m      62 │   [32mabbreviations[37m: RtAbbreviation[];
         ╵   [32m~~~~~~~~~~~~~[0m

[39m[22m
[33m>[39m Changes detected. Rebuilding...
[32m√[39m Changes detected. Rebuilding...
Application bundle generation failed. [1.027 seconds] - 2026-06-03T09:24:40.998Z

[1m[31m[31mX [41;31m[[41;97mERROR[41;31m][0m [1mTS2551: Property 'loadAbbreviations' does not exist on type 'CreateGenericReportComponent'. Did you mean 'abbreviations'?[0m [1m[35m[plugin angular-compiler][0m

    src/app/pages/reports/create-generic-report/create-generic-report.ts:156:41:
[37m      156 │   abbreviations: RtAbbreviation[] = this.[32mloadAbbreviations[37m();
          ╵                                          [32m~~~~~~~~~~~~~~~~~[0m

  'abbreviations' is declared here.

    src/app/pages/reports/create-generic-report/create-generic-report.ts:156:2:
[37m      156 │   [32mabbreviations[37m: RtAbbreviation[] = this.loadAbbreviations();
          ╵   [32m~~~~~~~~~~~~~[0m


[31mX [41;31m[[41;97mERROR[41;31m][0m [1mTS2339: Property 'pdfFileName' does not exist on type 'CreateGenericReportComponent'.[0m [1m[35m[plugin angular-compiler][0m

    src/app/pages/reports/create-generic-report/create-generic-report.ts:231:30:
[37m      231 │       link.download = `${this.[32mpdfFileName[37m()}.pdf`;
          ╵                               [32m~~~~~~~~~~~[0m


[31mX [41;31m[[41;97mERROR[41;31m][0m [1mTS2741: Property 'abbreviations' is missing in type '{ customerFields: ReportField[]; reportFields: ReportField[]; pages: GenericRtPage[]; reportNumberDigits: string; issueDatePickerValue: string; ... 12 more ...; footerFirstIssue: string; }' but required in type 'GenericRtDraft'.[0m [1m[35m[plugin angular-compiler][0m

    src/app/pages/reports/create-generic-report/create-generic-report.ts:439:4:
[37m      439 │     [32mreturn[37m {
          ╵     [32m~~~~~~[0m

  'abbreviations' is declared here.

    src/app/pages/reports/create-generic-report/create-generic-report.ts:62:2:
[37m      62 │   [32mabbreviations[37m: RtAbbreviation[];
         ╵   [32m~~~~~~~~~~~~~[0m

[39m[22m
[33m>[39m Changes detected. Rebuilding...
[32m√[39m Changes detected. Rebuilding...
Application bundle generation failed. [1.068 seconds] - 2026-06-03T09:24:50.117Z

[1m[31m[31mX [41;31m[[41;97mERROR[41;31m][0m [1mTS2551: Property 'loadAbbreviations' does not exist on type 'CreateGenericReportComponent'. Did you mean 'abbreviations'?[0m [1m[35m[plugin angular-compiler][0m

    src/app/pages/reports/create-generic-report/create-generic-report.ts:156:41:
[37m      156 │   abbreviations: RtAbbreviation[] = this.[32mloadAbbreviations[37m();
          ╵                                          [32m~~~~~~~~~~~~~~~~~[0m

  'abbreviations' is declared here.

    src/app/pages/reports/create-generic-report/create-generic-report.ts:156:2:
[37m      156 │   [32mabbreviations[37m: RtAbbreviation[] = this.loadAbbreviations();
          ╵   [32m~~~~~~~~~~~~~[0m


[31mX [41;31m[[41;97mERROR[41;31m][0m [1mTS2339: Property 'pdfFileName' does not exist on type 'CreateGenericReportComponent'.[0m [1m[35m[plugin angular-compiler][0m

    src/app/pages/reports/create-generic-report/create-generic-report.ts:231:30:
[37m      231 │       link.download = `${this.[32mpdfFileName[37m()}.pdf`;
          ╵                               [32m~~~~~~~~~~~[0m

[39m[22m
[33m>[39m Changes detected. Rebuilding...
[32m√[39m Changes detected. Rebuilding...
Application bundle generation failed. [1.092 seconds] - 2026-06-03T09:24:58.418Z

[1m[31m[31mX [41;31m[[41;97mERROR[41;31m][0m [1mTS2551: Property 'loadAbbreviations' does not exist on type 'CreateGenericReportComponent'. Did you mean 'abbreviations'?[0m [1m[35m[plugin angular-compiler][0m

    src/app/pages/reports/create-generic-report/create-generic-report.ts:156:41:
[37m      156 │   abbreviations: RtAbbreviation[] = this.[32mloadAbbreviations[37m();
          ╵                                          [32m~~~~~~~~~~~~~~~~~[0m

  'abbreviations' is declared here.

    src/app/pages/reports/create-generic-report/create-generic-report.ts:156:2:
[37m      156 │   [32mabbreviations[37m: RtAbbreviation[] = this.loadAbbreviations();
          ╵   [32m~~~~~~~~~~~~~[0m


[31mX [41;31m[[41;97mERROR[41;31m][0m [1mTS2339: Property 'pdfFileName' does not exist on type 'CreateGenericReportComponent'.[0m [1m[35m[plugin angular-compiler][0m

    src/app/pages/reports/create-generic-report/create-generic-report.ts:231:30:
[37m      231 │       link.download = `${this.[32mpdfFileName[37m()}.pdf`;
          ╵                               [32m~~~~~~~~~~~[0m


[31mX [41;31m[[41;97mERROR[41;31m][0m [1mTS2339: Property 'persistAbbreviations' does not exist on type 'CreateGenericReportComponent'.[0m [1m[35m[plugin angular-compiler][0m

    src/app/pages/reports/create-generic-report/create-generic-report.ts:305:9:
[37m      305 │     this.[32mpersistAbbreviations[37m();
          ╵          [32m~~~~~~~~~~~~~~~~~~~~[0m

[39m[22m
[33m>[39m Changes detected. Rebuilding...
[32m√[39m Changes detected. Rebuilding...
Application bundle generation failed. [1.058 seconds] - 2026-06-03T09:25:17.382Z

[1m[31m[31mX [41;31m[[41;97mERROR[41;31m][0m [1mTS2551: Property 'loadAbbreviations' does not exist on type 'CreateGenericReportComponent'. Did you mean 'abbreviations'?[0m [1m[35m[plugin angular-compiler][0m

    src/app/pages/reports/create-generic-report/create-generic-report.ts:156:41:
[37m      156 │   abbreviations: RtAbbreviation[] = this.[32mloadAbbreviations[37m();
          ╵                                          [32m~~~~~~~~~~~~~~~~~[0m

  'abbreviations' is declared here.

    src/app/pages/reports/create-generic-report/create-generic-report.ts:156:2:
[37m      156 │   [32mabbreviations[37m: RtAbbreviation[] = this.loadAbbreviations();
          ╵   [32m~~~~~~~~~~~~~[0m


[31mX [41;31m[[41;97mERROR[41;31m][0m [1mTS2339: Property 'pdfFileName' does not exist on type 'CreateGenericReportComponent'.[0m [1m[35m[plugin angular-compiler][0m

    src/app/pages/reports/create-generic-report/create-generic-report.ts:231:30:
[37m      231 │       link.download = `${this.[32mpdfFileName[37m()}.pdf`;
          ╵                               [32m~~~~~~~~~~~[0m

[39m[22m
[33m>[39m Changes detected. Rebuilding...
[32m√[39m Changes detected. Rebuilding...
[1mInitial chunk files[22m[2m | [22m[1mNames[22m        [2m | [22m [1mRaw size[22m
[32mmain.js[39m            [2m | [22m[2mmain[22m         [2m | [22m[36m313.24 kB[39m[2m | [22m
[32mstyles.css[39m         [2m | [22m[2mstyles[22m       [2m | [22m  [36m8.81 kB[39m[2m | [22m
[32mpolyfills.js[39m       [2m | [22m[2mpolyfills[22m    [2m | [22m [36m95 bytes[39m[2m | [22m

[1m [22m                  [2m | [22m[1mInitial total[22m[2m | [22m[1m322.15 kB[22m

Application bundle generation complete. [0.942 seconds] - 2026-06-03T09:25:32.050Z

Page reload sent to client(s).
[33m>[39m Changes detected. Rebuilding...
[32m√[39m Changes detected. Rebuilding...
[1mInitial chunk files[22m[2m | [22m[1mNames[22m[2m | [22m [1mRaw size[22m
[32mmain.js[39m            [2m | [22m[2mmain[22m [2m | [22m[36m323.98 kB[39m[2m | [22m

Application bundle generation complete. [1.370 seconds] - 2026-06-03T09:25:52.814Z

Component update sent to client(s).
[33m>[39m Changes detected. Rebuilding...
[32m√[39m Changes detected. Rebuilding...
[1mInitial chunk files[22m[2m | [22m[1mNames[22m[2m | [22m [1mRaw size[22m
[32mmain.js[39m            [2m | [22m[2mmain[22m [2m | [22m[36m326.75 kB[39m[2m | [22m

Application bundle generation complete. [1.498 seconds] - 2026-06-03T09:26:13.723Z

Component update sent to client(s).
[33m>[39m Changes detected. Rebuilding...
[32m√[39m Changes detected. Rebuilding...
[1mInitial chunk files[22m[2m | [22m[1mNames[22m[2m | [22m [1mRaw size[22m
[32mmain.js[39m            [2m | [22m[2mmain[22m [2m | [22m[36m326.99 kB[39m[2m | [22m

Application bundle generation complete. [1.304 seconds] - 2026-06-03T09:26:23.070Z

Component update sent to client(s).
[33m>[39m Changes detected. Rebuilding...
[32m√[39m Changes detected. Rebuilding...
[1mInitial chunk files[22m[2m | [22m[1mNames[22m[2m | [22m [1mRaw size[22m
[32mmain.js[39m            [2m | [22m[2mmain[22m [2m | [22m[36m317.42 kB[39m[2m | [22m

Application bundle generation complete. [1.377 seconds] - 2026-06-03T09:47:39.967Z

Component update sent to client(s).
[33m>[39m Changes detected. Rebuilding...
[32m√[39m Changes detected. Rebuilding...
[1mInitial chunk files[22m[2m | [22m[1mNames[22m[2m | [22m [1mRaw size[22m
[32mmain.js[39m            [2m | [22m[2mmain[22m [2m | [22m[36m314.99 kB[39m[2m | [22m

Application bundle generation complete. [1.137 seconds] - 2026-06-03T09:48:03.231Z

Page reload sent to client(s).
[33m>[39m Changes detected. Rebuilding...
[32m√[39m Changes detected. Rebuilding...
[1mInitial chunk files[22m[2m | [22m[1mNames[22m[2m | [22m [1mRaw size[22m
[32mmain.js[39m            [2m | [22m[2mmain[22m [2m | [22m[36m313.11 kB[39m[2m | [22m

Application bundle generation complete. [1.258 seconds] - 2026-06-03T09:48:29.352Z

Component update sent to client(s).
[33m>[39m Changes detected. Rebuilding...
[32m√[39m Changes detected. Rebuilding...
[1mInitial chunk files[22m[2m | [22m[1mNames[22m[2m | [22m [1mRaw size[22m
[32mmain.js[39m            [2m | [22m[2mmain[22m [2m | [22m[36m313.09 kB[39m[2m | [22m

Application bundle generation complete. [2.206 seconds] - 2026-06-03T09:50:41.605Z

Component update sent to client(s).
[33m>[39m Changes detected. Rebuilding...
[32m√[39m Changes detected. Rebuilding...
[1mInitial chunk files[22m[2m | [22m[1mNames[22m[2m | [22m [1mRaw size[22m
[32mmain.js[39m            [2m | [22m[2mmain[22m [2m | [22m[36m313.10 kB[39m[2m | [22m

Application bundle generation complete. [1.290 seconds] - 2026-06-03T09:52:00.106Z

Component update sent to client(s).
[33m>[39m Changes detected. Rebuilding...
[32m√[39m Changes detected. Rebuilding...
[1mInitial chunk files[22m[2m | [22m[1mNames[22m[2m | [22m [1mRaw size[22m
[32mmain.js[39m            [2m | [22m[2mmain[22m [2m | [22m[36m313.10 kB[39m[2m | [22m

Application bundle generation complete. [1.165 seconds] - 2026-06-03T09:53:06.722Z

Component update sent to client(s).
[33m>[39m Changes detected. Rebuilding...
[32m√[39m Changes detected. Rebuilding...
[1mInitial chunk files[22m[2m | [22m[1mNames[22m[2m | [22m [1mRaw size[22m
[32mmain.js[39m            [2m | [22m[2mmain[22m [2m | [22m[36m313.11 kB[39m[2m | [22m

Application bundle generation complete. [1.164 seconds] - 2026-06-03T09:54:28.705Z

Component update sent to client(s).
[33m>[39m Changes detected. Rebuilding...
[32m√[39m Changes detected. Rebuilding...
[1mInitial chunk files[22m[2m | [22m[1mNames[22m[2m | [22m [1mRaw size[22m
[32mmain.js[39m            [2m | [22m[2mmain[22m [2m | [22m[36m315.34 kB[39m[2m | [22m

Application bundle generation complete. [1.014 seconds] - 2026-06-03T09:56:47.840Z

Page reload sent to client(s).
[33m>[39m Changes detected. Rebuilding...
[32m√[39m Changes detected. Rebuilding...
[1mInitial chunk files[22m[2m | [22m[1mNames[22m[2m | [22m [1mRaw size[22m
[32mmain.js[39m            [2m | [22m[2mmain[22m [2m | [22m[36m316.88 kB[39m[2m | [22m

Application bundle generation complete. [1.242 seconds] - 2026-06-03T09:57:01.329Z

Component update sent to client(s).
[33m>[39m Changes detected. Rebuilding...
[32m√[39m Changes detected. Rebuilding...
[1mInitial chunk files[22m[2m | [22m[1mNames[22m[2m | [22m [1mRaw size[22m
[32mmain.js[39m            [2m | [22m[2mmain[22m [2m | [22m[36m317.10 kB[39m[2m | [22m

Application bundle generation complete. [1.411 seconds] - 2026-06-03T09:57:15.464Z

Component update sent to client(s).
[33m>[39m Changes detected. Rebuilding...
[32m√[39m Changes detected. Rebuilding...
[1mInitial chunk files[22m[2m | [22m[1mNames[22m        [2m | [22m [1mRaw size[22m
[32mmain.js[39m            [2m | [22m[2mmain[22m         [2m | [22m[36m317.10 kB[39m[2m | [22m
[32mstyles.css[39m         [2m | [22m[2mstyles[22m       [2m | [22m  [36m8.81 kB[39m[2m | [22m
[32mpolyfills.js[39m       [2m | [22m[2mpolyfills[22m    [2m | [22m [36m95 bytes[39m[2m | [22m

[1m [22m                  [2m | [22m[1mInitial total[22m[2m | [22m[1m326.01 kB[22m

Application bundle generation complete. [0.010 seconds] - 2026-06-03T10:00:45.345Z

Page reload sent to client(s).
[33m>[39m Changes detected. Rebuilding...
[32m√[39m Changes detected. Rebuilding...
[1mInitial chunk files[22m[2m | [22m[1mNames[22m[2m | [22m [1mRaw size[22m
[32mmain.js[39m            [2m | [22m[2mmain[22m [2m | [22m[36m317.11 kB[39m[2m | [22m

Application bundle generation complete. [1.337 seconds] - 2026-06-03T10:29:15.850Z

Component update sent to client(s).
[33m>[39m Changes detected. Rebuilding...
[32m√[39m Changes detected. Rebuilding...
[1mInitial chunk files[22m[2m | [22m[1mNames[22m[2m | [22m [1mRaw size[22m
[32mmain.js[39m            [2m | [22m[2mmain[22m [2m | [22m[36m318.16 kB[39m[2m | [22m

Application bundle generation complete. [1.063 seconds] - 2026-06-03T11:40:59.632Z

Page reload sent to client(s).
[33m>[39m Changes detected. Rebuilding...
[32m√[39m Changes detected. Rebuilding...
Application bundle generation failed. [1.399 seconds] - 2026-06-03T11:41:22.411Z

[1m[31m[31mX [41;31m[[41;97mERROR[41;31m][0m [1mTS4111: Property 'evaluatedBy' comes from an index signature, so it must be accessed with ['evaluatedBy'].[0m [1m[35m[plugin angular-compiler][0m

    src/app/pages/reports/create-generic-report/create-generic-report.html:285:63:
[37m      285 │ ...ion of settings.dropdowns.[32mevaluatedBy[37m.options" [value]="option...
          ╵                              [32m~~~~~~~~~~~[0m

  Error occurs in the template of component CreateGenericReportComponent.

    src/app/pages/reports/create-generic-report/create-generic-report.ts:86:15:
[37m      86 │   templateUrl: [32m'./create-generic-report.html'[37m,
         ╵                [32m~~~~~~~~~~~~~~~~~~~~~~~~~~~~~~[0m


[31mX [41;31m[[41;97mERROR[41;31m][0m [1mTS4111: Property 'reviewedBy' comes from an index signature, so it must be accessed with ['reviewedBy'].[0m [1m[35m[plugin angular-compiler][0m

    src/app/pages/reports/create-generic-report/create-generic-report.html:291:63:
[37m      291 │ ...ion of settings.dropdowns.[32mreviewedBy[37m.options" [value]="option"...
          ╵                              [32m~~~~~~~~~~[0m

  Error occurs in the template of component CreateGenericReportComponent.

    src/app/pages/reports/create-generic-report/create-generic-report.ts:86:15:
[37m      86 │   templateUrl: [32m'./create-generic-report.html'[37m,
         ╵                [32m~~~~~~~~~~~~~~~~~~~~~~~~~~~~~~[0m

[39m[22m
[33m>[39m Changes detected. Rebuilding...
[32m√[39m Changes detected. Rebuilding...
Application bundle generation failed. [1.533 seconds] - 2026-06-03T11:41:41.536Z

[1m[31m[31mX [41;31m[[41;97mERROR[41;31m][0m [1mTS4111: Property 'evaluatedBy' comes from an index signature, so it must be accessed with ['evaluatedBy'].[0m [1m[35m[plugin angular-compiler][0m

    src/app/pages/reports/create-generic-report/create-generic-report.html:285:63:
[37m      285 │ ...ion of settings.dropdowns.[32mevaluatedBy[37m.options" [value]="option...
          ╵                              [32m~~~~~~~~~~~[0m

  Error occurs in the template of component CreateGenericReportComponent.

    src/app/pages/reports/create-generic-report/create-generic-report.ts:86:15:
[37m      86 │   templateUrl: [32m'./create-generic-report.html'[37m,
         ╵                [32m~~~~~~~~~~~~~~~~~~~~~~~~~~~~~~[0m


[31mX [41;31m[[41;97mERROR[41;31m][0m [1mTS4111: Property 'reviewedBy' comes from an index signature, so it must be accessed with ['reviewedBy'].[0m [1m[35m[plugin angular-compiler][0m

    src/app/pages/reports/create-generic-report/create-generic-report.html:291:63:
[37m      291 │ ...ion of settings.dropdowns.[32mreviewedBy[37m.options" [value]="option"...
          ╵                              [32m~~~~~~~~~~[0m

  Error occurs in the template of component CreateGenericReportComponent.

    src/app/pages/reports/create-generic-report/create-generic-report.ts:86:15:
[37m      86 │   templateUrl: [32m'./create-generic-report.html'[37m,
         ╵                [32m~~~~~~~~~~~~~~~~~~~~~~~~~~~~~~[0m

[39m[22m
[33m>[39m Changes detected. Rebuilding...
[32m√[39m Changes detected. Rebuilding...
Application bundle generation failed. [1.241 seconds] - 2026-06-03T11:41:55.895Z

[1m[31m[31mX [41;31m[[41;97mERROR[41;31m][0m [1mTS4111: Property 'evaluatedBy' comes from an index signature, so it must be accessed with ['evaluatedBy'].[0m [1m[35m[plugin angular-compiler][0m

    src/app/pages/reports/create-generic-report/create-generic-report.html:285:63:
[37m      285 │ ...ion of settings.dropdowns.[32mevaluatedBy[37m.options" [value]="option...
          ╵                              [32m~~~~~~~~~~~[0m

  Error occurs in the template of component CreateGenericReportComponent.

    src/app/pages/reports/create-generic-report/create-generic-report.ts:86:15:
[37m      86 │   templateUrl: [32m'./create-generic-report.html'[37m,
         ╵                [32m~~~~~~~~~~~~~~~~~~~~~~~~~~~~~~[0m


[31mX [41;31m[[41;97mERROR[41;31m][0m [1mTS4111: Property 'reviewedBy' comes from an index signature, so it must be accessed with ['reviewedBy'].[0m [1m[35m[plugin angular-compiler][0m

    src/app/pages/reports/create-generic-report/create-generic-report.html:291:63:
[37m      291 │ ...ion of settings.dropdowns.[32mreviewedBy[37m.options" [value]="option"...
          ╵                              [32m~~~~~~~~~~[0m

  Error occurs in the template of component CreateGenericReportComponent.

    src/app/pages/reports/create-generic-report/create-generic-report.ts:86:15:
[37m      86 │   templateUrl: [32m'./create-generic-report.html'[37m,
         ╵                [32m~~~~~~~~~~~~~~~~~~~~~~~~~~~~~~[0m

[39m[22m
[33m>[39m Changes detected. Rebuilding...
[32m√[39m Changes detected. Rebuilding...
Application bundle generation failed. [1.416 seconds] - 2026-06-03T11:42:07.478Z

[1m[31m[31mX [41;31m[[41;97mERROR[41;31m][0m [1mTS4111: Property 'evaluatedBy' comes from an index signature, so it must be accessed with ['evaluatedBy'].[0m [1m[35m[plugin angular-compiler][0m

    src/app/pages/reports/create-generic-report/create-generic-report.html:285:63:
[37m      285 │ ...ion of settings.dropdowns.[32mevaluatedBy[37m.options" [value]="option...
          ╵                              [32m~~~~~~~~~~~[0m

  Error occurs in the template of component CreateGenericReportComponent.

    src/app/pages/reports/create-generic-report/create-generic-report.ts:86:15:
[37m      86 │   templateUrl: [32m'./create-generic-report.html'[37m,
         ╵                [32m~~~~~~~~~~~~~~~~~~~~~~~~~~~~~~[0m


[31mX [41;31m[[41;97mERROR[41;31m][0m [1mTS4111: Property 'reviewedBy' comes from an index signature, so it must be accessed with ['reviewedBy'].[0m [1m[35m[plugin angular-compiler][0m

    src/app/pages/reports/create-generic-report/create-generic-report.html:291:63:
[37m      291 │ ...ion of settings.dropdowns.[32mreviewedBy[37m.options" [value]="option"...
          ╵                              [32m~~~~~~~~~~[0m

  Error occurs in the template of component CreateGenericReportComponent.

    src/app/pages/reports/create-generic-report/create-generic-report.ts:86:15:
[37m      86 │   templateUrl: [32m'./create-generic-report.html'[37m,
         ╵                [32m~~~~~~~~~~~~~~~~~~~~~~~~~~~~~~[0m

[39m[22m
[33m>[39m Changes detected. Rebuilding...
[32m√[39m Changes detected. Rebuilding...
[1mInitial chunk files[22m[2m | [22m[1mNames[22m        [2m | [22m [1mRaw size[22m
[32mmain.js[39m            [2m | [22m[2mmain[22m         [2m | [22m[36m323.67 kB[39m[2m | [22m
[32mstyles.css[39m         [2m | [22m[2mstyles[22m       [2m | [22m  [36m8.81 kB[39m[2m | [22m
[32mpolyfills.js[39m       [2m | [22m[2mpolyfills[22m    [2m | [22m [36m95 bytes[39m[2m | [22m

[1m [22m                  [2m | [22m[1mInitial total[22m[2m | [22m[1m332.58 kB[22m

Application bundle generation complete. [1.358 seconds] - 2026-06-03T11:42:31.561Z

Page reload sent to client(s).
[33m>[39m Changes detected. Rebuilding...
[32m√[39m Changes detected. Rebuilding...
[1mInitial chunk files[22m[2m | [22m[1mNames[22m[2m | [22m [1mRaw size[22m
[32mmain.js[39m            [2m | [22m[2mmain[22m [2m | [22m[36m323.17 kB[39m[2m | [22m

Application bundle generation complete. [1.256 seconds] - 2026-06-03T11:43:02.972Z

Page reload sent to client(s).
[33m>[39m Changes detected. Rebuilding...
[32m√[39m Changes detected. Rebuilding...
[1mInitial chunk files[22m[2m | [22m[1mNames[22m[2m | [22m [1mRaw size[22m
[32mmain.js[39m            [2m | [22m[2mmain[22m [2m | [22m[36m323.57 kB[39m[2m | [22m

Application bundle generation complete. [1.635 seconds] - 2026-06-03T11:46:03.175Z

Page reload sent to client(s).
[33m>[39m Changes detected. Rebuilding...
[32m√[39m Changes detected. Rebuilding...
[1mInitial chunk files[22m[2m | [22m[1mNames[22m[2m | [22m [1mRaw size[22m
[32mmain.js[39m            [2m | [22m[2mmain[22m [2m | [22m[36m325.34 kB[39m[2m | [22m

Application bundle generation complete. [2.502 seconds] - 2026-06-03T11:46:22.179Z

Component update sent to client(s).
[33m>[39m Changes detected. Rebuilding...
[32m√[39m Changes detected. Rebuilding...
[1mInitial chunk files[22m[2m | [22m[1mNames[22m[2m | [22m [1mRaw size[22m
[32mmain.js[39m            [2m | [22m[2mmain[22m [2m | [22m[36m325.73 kB[39m[2m | [22m

Application bundle generation complete. [3.023 seconds] - 2026-06-03T11:46:40.499Z

Component update sent to client(s).
[33m>[39m Changes detected. Rebuilding...
[32m√[39m Changes detected. Rebuilding...
[1mInitial chunk files[22m[2m | [22m[1mNames[22m[2m | [22m [1mRaw size[22m
[32mmain.js[39m            [2m | [22m[2mmain[22m [2m | [22m[36m325.73 kB[39m[2m | [22m

Application bundle generation complete. [2.739 seconds] - 2026-06-03T11:48:20.929Z

Page reload sent to client(s).
[33m>[39m Changes detected. Rebuilding...
[32m√[39m Changes detected. Rebuilding...
[1mInitial chunk files[22m[2m | [22m[1mNames[22m[2m | [22m [1mRaw size[22m
[32mmain.js[39m            [2m | [22m[2mmain[22m [2m | [22m[36m325.91 kB[39m[2m | [22m

Application bundle generation complete. [1.350 seconds] - 2026-06-03T11:54:54.146Z

Page reload sent to client(s).
[33m>[39m Changes detected. Rebuilding...
[32m√[39m Changes detected. Rebuilding...
[1mInitial chunk files[22m[2m | [22m[1mNames[22m[2m | [22m [1mRaw size[22m
[32mmain.js[39m            [2m | [22m[2mmain[22m [2m | [22m[36m326.32 kB[39m[2m | [22m

Application bundle generation complete. [1.368 seconds] - 2026-06-03T11:55:03.159Z

Component update sent to client(s).
[33m>[39m Changes detected. Rebuilding...
[32m√[39m Changes detected. Rebuilding...
[1mInitial chunk files[22m[2m | [22m[1mNames[22m[2m | [22m [1mRaw size[22m
[32mmain.js[39m            [2m | [22m[2mmain[22m [2m | [22m[36m327.67 kB[39m[2m | [22m

Application bundle generation complete. [1.328 seconds] - 2026-06-03T11:56:53.415Z

Page reload sent to client(s).
